  ECS_Log.cpp
  iSystem.cpp
  SystemManager.cpp
  SignalsManager.cpp
  ECS_Engine.cpp
D:\dev\ccProjects\Server-IA\SlikeNet\DependentExtensions\cat\math\BitMath.hpp(230,14): warning C5033: 'register' is no longer a supported storage class
  main.cpp
  StorageManager.cpp
  CombatSystem.cpp
  GraphicsSystem.cpp
  HealthSystem.cpp
  IntervalSystem.cpp
  InventorySystem.cpp
  ManaSystem.cpp
  MovementSystem.cpp
  NetworkSystem.cpp
D:\dev\ccProjects\Server-IA\SlikeNet\DependentExtensions\cat\math\BitMath.hpp(230,14): warning C5033: 'register' is no longer a supported storage class
D:\dev\ccProjects\Server-IA\Server-IA\src\Systems\NetworkSystem.cpp(254,14): warning C4244: 'initializing': conversion from 'std::streamoff' to 'int', possible loss of data
D:\dev\ccProjects\Server-IA\Server-IA\src\Systems\NetworkSystem.cpp(284,14): warning C4244: 'initializing': conversion from 'std::streamoff' to 'int', possible loss of data
  SpawnSystem.cpp
  Generating Code...
  Server-IA.vcxproj -> D:\dev\ccProjects\Server-IA\bin\Debug-Win32\Server-IA.exe
